{"name": "test_next", "status": "failed", "statusDetails": {"message": "AssertionError", "trace": "self = <demobl.Tests.test_demblaz.TestProducts object at 0x000002EF0AD64650>\n\n    @allure.severity(allure.severity_level.MINOR)\n    def test_next(self):  # page preview 9\n>       self.execute_next()\n\ntest_demblaz.py:51: \n_ _ _ _ _ _ _ _ _ _ _ _ _ _ _ _ _ _ _ _ _ _ _ _ _ _ _ _ _ _ _ _ _ _ _ _ _ _ _ _ _ _ _ _ _ _ _ _ _ _ _ _ _ _ _ _ _ _ _ _ _ _ _ _ _ _ _ _ _ _ _ _ _ _ _ _ _ _ _ _ _ _ _ _ _ _ _ _ _ _ _ _\n\nself = <demobl.Tests.test_demblaz.TestProducts object at 0x000002EF0AD64650>\n\n    def execute_next(self):           ## cheking nex button 9\n        self._click(By.XPATH, self.home)\n        previous_name = self.message(self.next_item_name)  # page 1\n        self._click(By.XPATH, self.next_next_page)\n        time.sleep(1)\n        current_name = self.message(self.next_item_name)  # page 2\n>       assert (current_name == previous_name)\nE       AssertionError\n\n..\\Page\\demoblaze_page.py:151: AssertionError"}, "start": 1675322934433, "stop": 1675322936250, "uuid": "eaf10110-ab86-4795-9369-bebf877cbe0c", "historyId": "64c74f8a43a616b7bb8df35c21995667", "testCaseId": "30dbd18acb9a46ab01c71faff219dca9", "fullName": "test_demblaz.TestProducts#test_next", "labels": [{"name": "severity", "value": "minor"}, {"name": "suite", "value": "test_demblaz"}, {"name": "subSuite", "value": "TestProducts"}, {"name": "host", "value": "LAPTOP-CE0N2UOJ"}, {"name": "thread", "value": "12068-MainThread"}, {"name": "framework", "value": "pytest"}, {"name": "language", "value": "cpython3"}, {"name": "package", "value": "test_demblaz"}]}